Removed Pin From Net: NetName=NetJ1_1 Pin=MT9-1
Removed Pin From Net: NetName=NetJ1_1 Pin=MT10-1
Removed Pin From Net: NetName=NetJ1_1 Pin=MT11-1
Removed Pin From Net: NetName=NetJ1_1 Pin=MT12-1
Change Component DesignItemId : Designator=MT1 Old DesignItemId=CMP-024-0033-3 New DesignItemId=CMP-024-0033-4
Change Component DesignItemId : Designator=MT3 Old DesignItemId=CMP-024-0033-3 New DesignItemId=CMP-024-0033-4
Change Component DesignItemId : Designator=MT4 Old DesignItemId=CMP-024-0033-3 New DesignItemId=CMP-024-0033-4
Change Component DesignItemId : Designator=MT5 Old DesignItemId=CMP-024-0033-3 New DesignItemId=CMP-024-0033-4
Change Component DesignItemId : Designator=MT6 Old DesignItemId=CMP-024-0033-3 New DesignItemId=CMP-024-0033-4
Change Component DesignItemId : Designator=MT7 Old DesignItemId=CMP-024-0033-3 New DesignItemId=CMP-024-0033-4
Change Component DesignItemId : Designator=MT8 Old DesignItemId=CMP-024-0033-3 New DesignItemId=CMP-024-0033-4
Change Component DesignItemId : Designator=MT13 Old DesignItemId=CMP-024-0033-3 New DesignItemId=CMP-024-0033-4
Change Component DesignItemId : Designator=MT14 Old DesignItemId=CMP-024-0033-3 New DesignItemId=CMP-024-0033-4
Change Component DesignItemId : Designator=MT15 Old DesignItemId=CMP-024-0033-3 New DesignItemId=CMP-024-0033-4
Change Component DesignItemId : Designator=MT16 Old DesignItemId=CMP-024-0033-3 New DesignItemId=CMP-024-0033-4
Change Component DesignItemId : Designator=MT17 Old DesignItemId=CMP-024-0033-3 New DesignItemId=CMP-024-0033-4
Change Component DesignItemId : Designator=MT18 Old DesignItemId=CMP-024-0033-3 New DesignItemId=CMP-024-0033-4
Change Component DesignItemId : Designator=MT19 Old DesignItemId=CMP-024-0033-3 New DesignItemId=CMP-024-0033-4
Change Component DesignItemId : Designator=MT20 Old DesignItemId=CMP-024-0033-3 New DesignItemId=CMP-024-0033-4
Change Component DesignItemId : Designator=MT9 Old DesignItemId=CMP-024-0036-5 New DesignItemId=CMP-024-0036-6
Change Component DesignItemId : Designator=MT10 Old DesignItemId=CMP-024-0036-5 New DesignItemId=CMP-024-0036-6
Change Component DesignItemId : Designator=MT11 Old DesignItemId=CMP-024-0036-5 New DesignItemId=CMP-024-0036-6
Change Component DesignItemId : Designator=MT12 Old DesignItemId=CMP-024-0036-5 New DesignItemId=CMP-024-0036-6
Change Component Footprint: Designator=MT1 Old Footprint=SMT_spacer_M2_6mm New Footprint=SMT_spacer_M2_6mm
Change Component Footprint: Designator=MT3 Old Footprint=SMT_spacer_M2_6mm New Footprint=SMT_spacer_M2_6mm
Change Component Footprint: Designator=MT4 Old Footprint=SMT_spacer_M2_6mm New Footprint=SMT_spacer_M2_6mm
Change Component Footprint: Designator=MT5 Old Footprint=SMT_spacer_M2_6mm New Footprint=SMT_spacer_M2_6mm
Change Component Footprint: Designator=MT6 Old Footprint=SMT_spacer_M2_6mm New Footprint=SMT_spacer_M2_6mm
Change Component Footprint: Designator=MT7 Old Footprint=SMT_spacer_M2_6mm New Footprint=SMT_spacer_M2_6mm
Change Component Footprint: Designator=MT8 Old Footprint=SMT_spacer_M2_6mm New Footprint=SMT_spacer_M2_6mm
Change Component Footprint: Designator=MT13 Old Footprint=SMT_spacer_M2_6mm New Footprint=SMT_spacer_M2_6mm
Change Component Footprint: Designator=MT14 Old Footprint=SMT_spacer_M2_6mm New Footprint=SMT_spacer_M2_6mm
Change Component Footprint: Designator=MT15 Old Footprint=SMT_spacer_M2_6mm New Footprint=SMT_spacer_M2_6mm
Change Component Footprint: Designator=MT16 Old Footprint=SMT_spacer_M2_6mm New Footprint=SMT_spacer_M2_6mm
Change Component Footprint: Designator=MT17 Old Footprint=SMT_spacer_M2_6mm New Footprint=SMT_spacer_M2_6mm
Change Component Footprint: Designator=MT18 Old Footprint=SMT_spacer_M2_6mm New Footprint=SMT_spacer_M2_6mm
Change Component Footprint: Designator=MT19 Old Footprint=SMT_spacer_M2_6mm New Footprint=SMT_spacer_M2_6mm
Change Component Footprint: Designator=MT20 Old Footprint=SMT_spacer_M2_6mm New Footprint=SMT_spacer_M2_6mm
Change Component Footprint: Designator=MT9 Old Footprint=SMT_spacer_M2_6mm differentiation with CMP-024-0033 New Footprint=SMT_spacer_M2_6mm differentiation with CMP-024-0033
Change Component Footprint: Designator=MT10 Old Footprint=SMT_spacer_M2_6mm differentiation with CMP-024-0033 New Footprint=SMT_spacer_M2_6mm differentiation with CMP-024-0033
Change Component Footprint: Designator=MT11 Old Footprint=SMT_spacer_M2_6mm differentiation with CMP-024-0033 New Footprint=SMT_spacer_M2_6mm differentiation with CMP-024-0033
Change Component Footprint: Designator=MT12 Old Footprint=SMT_spacer_M2_6mm differentiation with CMP-024-0033 New Footprint=SMT_spacer_M2_6mm differentiation with CMP-024-0033
Added Pin To Net: NetName=GND Pin=MT2-1
Added Pin To Net: NetName=GND Pin=MT9-1
Added Pin To Net: NetName=GND Pin=MT10-1
Added Pin To Net: NetName=GND Pin=MT11-1
Added Pin To Net: NetName=GND Pin=MT12-1
Added Member To Class: ClassName=am2067_4R_PCB Member=Component MT2 9774060243R
Added Member To Class: ClassName=am2067_4R_PCB Member=Component MT9 9774060243R modified with no plating through the hole (specific case to ISL-IP component)
Added Member To Class: ClassName=am2067_4R_PCB Member=Component MT11 9774060243R modified with no plating through the hole (specific case to ISL-IP component)
Added Room: Name=am2067_4R_PCB
